<?xml version="1.0" encoding="UTF-8"?>
<testng-results ignored="0" total="1" passed="1" failed="0" skipped="0">
  <reporter-output>
  </reporter-output>
  <suite started-at="2023-04-28T13:09:00 IST" name="Default suite" finished-at="2023-04-28T13:09:03 IST" duration-ms="2115">
    <groups>
    </groups>
    <test started-at="2023-04-28T13:09:00 IST" name="Default test" finished-at="2023-04-28T13:09:03 IST" duration-ms="2115">
      <class name="test_member_api.Test_06_Delete">
        <test-method signature="testDeleteFunctinality()[pri:0, instance:test_member_api.Test_06_Delete@7671cb68]" started-at="2023-04-28T13:09:00 IST" name="testDeleteFunctinality" finished-at="2023-04-28T13:09:03 IST" duration-ms="2056" status="PASS">
          <reporter-output>
          </reporter-output>
        </test-method> <!-- testDeleteFunctinality -->
      </class> <!-- test_member_api.Test_06_Delete -->
    </test> <!-- Default test -->
  </suite> <!-- Default suite -->
</testng-results>
